#
# There is insufficient memory for the Java Runtime Environment to continue.
# Native memory allocation (mmap) failed to map 65536 bytes. Error detail: Failed to commit metaspace.
# Possible reasons:
#   The system is out of physical RAM or swap space
#   This process is running with CompressedOops enabled, and the Java Heap may be blocking the growth of the native heap
# Possible solutions:
#   Reduce memory load on the system
#   Increase physical memory or swap space
#   Check if swap backing store is full
#   Decrease Java heap size (-Xmx/-Xms)
#   Decrease number of Java threads
#   Decrease Java thread stack sizes (-Xss)
#   Set larger code cache with -XX:ReservedCodeCacheSize=
#   JVM is running with Unscaled Compressed Oops mode in which the Java heap is
#     placed in the first 4GB address space. The Java Heap base address is the
#     maximum limit for the native heap growth. Please use -XX:HeapBaseMinAddress
#     to set the Java Heap base and to place the Java Heap above 4GB virtual address.
# This output file may be truncated or incomplete.
#
#  Out of Memory Error (virtualSpaceNode.cpp:113), pid=3728, tid=1224
#
# JRE version: OpenJDK Runtime Environment (21.0.9) (build 21.0.9+-14787801-b1163.94)
# Java VM: OpenJDK 64-Bit Server VM (21.0.9+-14787801-b1163.94, mixed mode, tiered, compressed oops, compressed class ptrs, g1 gc, windows-amd64)
# No core dump will be written. Minidumps are not enabled by default on client versions of Windows
#

---------------  S U M M A R Y ------------

Command Line: org.jetbrains.kotlin.cli.jvm.K2JVMCompiler @C:\Users\Huy\AndroidStudioProjects\app_doc_bao\app\build\20260322_2976681921131734953.compiler.options

Host: Intel(R) Core(TM) i5-4210U CPU @ 1.70GHz, 4 cores, 7G,  Windows 10 , 64 bit Build 19041 (10.0.19041.5915)
Time: Sun Mar 22 17:33:09 2026 SE Asia Standard Time elapsed time: 1.720406 seconds (0d 0h 0m 1s)

---------------  T H R E A D  ---------------

Current thread (0x000001f6209c1570):  JavaThread "main"             [_thread_in_vm, id=1224, stack(0x000000d028400000,0x000000d028500000) (1024K)]

Stack: [0x000000d028400000,0x000000d028500000]
Native frames: (J=compiled Java code, j=interpreted, Vv=VM code, C=native code)
V  [jvm.dll+0x6d6c99]
V  [jvm.dll+0x866b83]
V  [jvm.dll+0x8691ae]
V  [jvm.dll+0x869893]
V  [jvm.dll+0x280776]
V  [jvm.dll+0x861a3e]
V  [jvm.dll+0x67a1b5]
V  [jvm.dll+0x1e4571]
V  [jvm.dll+0x1e433e]
V  [jvm.dll+0x67cb08]
V  [jvm.dll+0x67c942]
V  [jvm.dll+0x67abae]
V  [jvm.dll+0x3c230f]
V  [jvm.dll+0x20e34b]
V  [jvm.dll+0x5b7561]
V  [jvm.dll+0x7deecd]
V  [jvm.dll+0x7dee31]
V  [jvm.dll+0x472e86]
V  [jvm.dll+0x485f66]
C  [java.dll+0x1657]

Java frames: (J=compiled Java code, j=interpreted, Vv=VM code)
j  java.lang.ClassLoader.defineClass0(Ljava/lang/ClassLoader;Ljava/lang/Class;Ljava/lang/String;[BIILjava/security/ProtectionDomain;ZILjava/lang/Object;)Ljava/lang/Class;+0 java.base@21.0.9
j  java.lang.System$2.defineClass(Ljava/lang/ClassLoader;Ljava/lang/Class;Ljava/lang/String;[BLjava/security/ProtectionDomain;ZILjava/lang/Object;)Ljava/lang/Class;+17 java.base@21.0.9
j  java.lang.invoke.MethodHandles$Lookup$ClassDefiner.defineClass(ZLjava/lang/Object;)Ljava/lang/Class;+57 java.base@21.0.9
j  java.lang.invoke.InvokerBytecodeGenerator.loadMethod([B)Ljava/lang/invoke/MemberName;+22 java.base@21.0.9
j  java.lang.invoke.InvokerBytecodeGenerator.generateCustomizedCode(Ljava/lang/invoke/LambdaForm;Ljava/lang/invoke/MethodType;)Ljava/lang/invoke/MemberName;+30 java.base@21.0.9
j  java.lang.invoke.LambdaForm.compileToBytecode()V+69 java.base@21.0.9
j  java.lang.invoke.DirectMethodHandle.makePreparedLambdaForm(Ljava/lang/invoke/MethodType;I)Ljava/lang/invoke/LambdaForm;+750 java.base@21.0.9
j  java.lang.invoke.DirectMethodHandle.preparedLambdaForm(Ljava/lang/invoke/MethodType;I)Ljava/lang/invoke/LambdaForm;+17 java.base@21.0.9
j  java.lang.invoke.DirectMethodHandle.preparedLambdaForm(Ljava/lang/invoke/MemberName;Z)Ljava/lang/invoke/LambdaForm;+159 java.base@21.0.9
j  java.lang.invoke.DirectMethodHandle.preparedLambdaForm(Ljava/lang/invoke/MemberName;)Ljava/lang/invoke/LambdaForm;+2 java.base@21.0.9
j  java.lang.invoke.DirectMethodHandle.make(BLjava/lang/Class;Ljava/lang/invoke/MemberName;Ljava/lang/Class;)Ljava/lang/invoke/DirectMethodHandle;+163 java.base@21.0.9
j  java.lang.invoke.MethodHandles$Lookup.getDirectMethodCommon(BLjava/lang/Class;Ljava/lang/invoke/MemberName;ZZLjava/lang/invoke/MethodHandles$Lookup;)Ljava/lang/invoke/MethodHandle;+220 java.base@21.0.9
j  java.lang.invoke.MethodHandles$Lookup.getDirectMethodNoSecurityManager(BLjava/lang/Class;Ljava/lang/invoke/MemberName;Ljava/lang/invoke/MethodHandles$Lookup;)Ljava/lang/invoke/MethodHandle;+14 java.base@21.0.9
j  java.lang.invoke.MethodHandles$Lookup.getDirectMethodForConstant(BLjava/lang/Class;Ljava/lang/invoke/MemberName;)Ljava/lang/invoke/MethodHandle;+31 java.base@21.0.9
j  java.lang.invoke.MethodHandles$Lookup.linkMethodHandleConstant(BLjava/lang/Class;Ljava/lang/String;Ljava/lang/Object;)Ljava/lang/invoke/MethodHandle;+153 java.base@21.0.9
j  java.lang.invoke.MethodHandleNatives.linkMethodHandleConstant(Ljava/lang/Class;ILjava/lang/Class;Ljava/lang/String;Ljava/lang/Object;)Ljava/lang/invoke/MethodHandle;+38 java.base@21.0.9
v  ~StubRoutines::call_stub 0x000001f62d30100d
j  org.jetbrains.kotlin.backend.common.phaser.DumperVerifierKt.getIrDumper()Lkotlin/jvm/functions/Function3;+0
j  org.jetbrains.kotlin.backend.common.phaser.DumperVerifierKt.<clinit>()V+7
v  ~StubRoutines::call_stub 0x000001f62d30100d
j  org.jetbrains.kotlin.backend.common.phaser.PhaseFactoriesKt.createFilePhase(Ljava/lang/Class;Ljava/util/Set;Lkotlin/jvm/functions/Function1;)Lorg/jetbrains/kotlin/config/phaser/NamedCompilerPhase;+12
j  org.jetbrains.kotlin.backend.common.phaser.PhaseFactoriesKt.createFilePhases([Lkotlin/jvm/functions/Function1;)Ljava/util/List;+440
j  org.jetbrains.kotlin.backend.jvm.JvmLoweringPhasesKt.<clinit>()V+589
v  ~StubRoutines::call_stub 0x000001f62d30100d
j  org.jetbrains.kotlin.backend.jvm.JvmPhasesKt.getJvmPhases()Ljava/util/List;+0
j  org.jetbrains.kotlin.cli.pipeline.jvm.JvmConfigurationUpdater.fillConfiguration(Lorg/jetbrains/kotlin/cli/pipeline/ArgumentsPipelineArtifact;Lorg/jetbrains/kotlin/config/CompilerConfiguration;)V+102
j  org.jetbrains.kotlin.cli.pipeline.AbstractConfigurationPhase.executePhase(Lorg/jetbrains/kotlin/cli/pipeline/ArgumentsPipelineArtifact;)Lorg/jetbrains/kotlin/cli/pipeline/ConfigurationPipelineArtifact;+54
j  org.jetbrains.kotlin.cli.pipeline.AbstractConfigurationPhase.executePhase(Lorg/jetbrains/kotlin/cli/pipeline/PipelineArtifact;)Lorg/jetbrains/kotlin/cli/pipeline/PipelineArtifact;+5
j  org.jetbrains.kotlin.cli.pipeline.PipelinePhase.phaseBody(Lorg/jetbrains/kotlin/cli/pipeline/PipelineContext;Lorg/jetbrains/kotlin/cli/pipeline/PipelineArtifact;)Lorg/jetbrains/kotlin/cli/pipeline/PipelineArtifact;+14
j  org.jetbrains.kotlin.cli.pipeline.PipelinePhase.phaseBody(Lorg/jetbrains/kotlin/config/LoggingContext;Ljava/lang/Object;)Ljava/lang/Object;+9
j  org.jetbrains.kotlin.config.phaser.NamedCompilerPhase.invoke(Lorg/jetbrains/kotlin/config/phaser/PhaseConfig;Lorg/jetbrains/kotlin/config/phaser/PhaserState;Lorg/jetbrains/kotlin/config/LoggingContext;Ljava/lang/Object;)Ljava/lang/Object;+304
j  org.jetbrains.kotlin.backend.common.phaser.CompositePhase.invoke(Lorg/jetbrains/kotlin/config/phaser/PhaseConfig;Lorg/jetbrains/kotlin/config/phaser/PhaserState;Lorg/jetbrains/kotlin/config/LoggingContext;Ljava/lang/Object;)Ljava/lang/Object;+87
j  org.jetbrains.kotlin.config.phaser.CompilerPhaseKt.invokeToplevel(Lorg/jetbrains/kotlin/config/phaser/CompilerPhase;Lorg/jetbrains/kotlin/config/phaser/PhaseConfig;Lorg/jetbrains/kotlin/config/LoggingContext;Ljava/lang/Object;)Ljava/lang/Object;+35
j  org.jetbrains.kotlin.cli.pipeline.AbstractCliPipeline.runPhasedPipeline(Lorg/jetbrains/kotlin/cli/pipeline/ArgumentsPipelineArtifact;)Lorg/jetbrains/kotlin/cli/common/ExitCode;+79
j  org.jetbrains.kotlin.cli.pipeline.AbstractCliPipeline.execute(Lorg/jetbrains/kotlin/cli/common/arguments/CommonCompilerArguments;Lorg/jetbrains/kotlin/config/Services;Lorg/jetbrains/kotlin/cli/common/messages/MessageCollector;)Lorg/jetbrains/kotlin/cli/common/ExitCode;+169
j  org.jetbrains.kotlin.cli.jvm.K2JVMCompiler.doExecutePhased(Lorg/jetbrains/kotlin/cli/common/arguments/K2JVMCompilerArguments;Lorg/jetbrains/kotlin/config/Services;Lorg/jetbrains/kotlin/cli/common/messages/MessageCollector;)Lorg/jetbrains/kotlin/cli/common/ExitCode;+35
j  org.jetbrains.kotlin.cli.jvm.K2JVMCompiler.doExecutePhased(Lorg/jetbrains/kotlin/cli/common/arguments/CommonCompilerArguments;Lorg/jetbrains/kotlin/config/Services;Lorg/jetbrains/kotlin/cli/common/messages/MessageCollector;)Lorg/jetbrains/kotlin/cli/common/ExitCode;+7
j  org.jetbrains.kotlin.cli.common.CLICompiler.execImpl(Lorg/jetbrains/kotlin/cli/common/messages/MessageCollector;Lorg/jetbrains/kotlin/config/Services;Lorg/jetbrains/kotlin/cli/common/arguments/CommonCompilerArguments;)Lorg/jetbrains/kotlin/cli/common/ExitCode;+17
j  org.jetbrains.kotlin.cli.common.CLICompiler.exec(Lorg/jetbrains/kotlin/cli/common/messages/MessageCollector;Lorg/jetbrains/kotlin/config/Services;Lorg/jetbrains/kotlin/cli/common/arguments/CommonCompilerArguments;)Lorg/jetbrains/kotlin/cli/common/ExitCode;+88
j  org.jetbrains.kotlin.cli.common.CLICompiler.exec(Ljava/io/PrintStream;Lorg/jetbrains/kotlin/config/Services;Lorg/jetbrains/kotlin/cli/common/messages/MessageRenderer;[Ljava/lang/String;)Lorg/jetbrains/kotlin/cli/common/ExitCode;+259
j  org.jetbrains.kotlin.cli.common.CLICompiler.exec(Ljava/io/PrintStream;Lorg/jetbrains/kotlin/cli/common/messages/MessageRenderer;[Ljava/lang/String;)Lorg/jetbrains/kotlin/cli/common/ExitCode;+26
j  org.jetbrains.kotlin.cli.common.CLICompiler$Companion.doMainNoExit(Lorg/jetbrains/kotlin/cli/common/CLICompiler;[Ljava/lang/String;Lorg/jetbrains/kotlin/cli/common/messages/MessageRenderer;)Lorg/jetbrains/kotlin/cli/common/ExitCode;+39
j  org.jetbrains.kotlin.cli.common.CLICompiler$Companion.doMainNoExit$default(Lorg/jetbrains/kotlin/cli/common/CLICompiler$Companion;Lorg/jetbrains/kotlin/cli/common/CLICompiler;[Ljava/lang/String;Lorg/jetbrains/kotlin/cli/common/messages/MessageRenderer;ILjava/lang/Object;)Lorg/jetbrains/kotlin/cli/common/ExitCode;+16
j  org.jetbrains.kotlin.cli.common.CLICompiler$Companion.doMain(Lorg/jetbrains/kotlin/cli/common/CLICompiler;[Ljava/lang/String;)V+54
j  org.jetbrains.kotlin.cli.jvm.K2JVMCompiler$Companion.main([Ljava/lang/String;)V+20
j  org.jetbrains.kotlin.cli.jvm.K2JVMCompiler.main([Ljava/lang/String;)V+4
v  ~StubRoutines::call_stub 0x000001f62d30100d

---------------  P R O C E S S  ---------------

Threads class SMR info:
_java_thread_list=0x000001f63e3410c0, length=11, elements={
0x000001f6209c1570, 0x000001f639c30060, 0x000001f639c3ac30, 0x000001f639c30b90,
0x000001f639c65590, 0x000001f639c66800, 0x000001f639c67260, 0x000001f639c71ce0,
0x000001f639c72a70, 0x000001f639c73d20, 0x000001f639e12cd0
}

Java Threads: ( => current thread )
=>0x000001f6209c1570 JavaThread "main"                              [_thread_in_vm, id=1224, stack(0x000000d028400000,0x000000d028500000) (1024K)]
  0x000001f639c30060 JavaThread "Common-Cleaner"             daemon [_thread_blocked, id=1724, stack(0x000000d028c00000,0x000000d028d00000) (1024K)]
  0x000001f639c3ac30 JavaThread "Reference Handler"          daemon [_thread_blocked, id=3488, stack(0x000000d028d00000,0x000000d028e00000) (1024K)]
  0x000001f639c30b90 JavaThread "Finalizer"                  daemon [_thread_blocked, id=14168, stack(0x000000d028e00000,0x000000d028f00000) (1024K)]
  0x000001f639c65590 JavaThread "Signal Dispatcher"          daemon [_thread_blocked, id=964, stack(0x000000d028f00000,0x000000d029000000) (1024K)]
  0x000001f639c66800 JavaThread "Attach Listener"            daemon [_thread_blocked, id=2236, stack(0x000000d029000000,0x000000d029100000) (1024K)]
  0x000001f639c67260 JavaThread "Service Thread"             daemon [_thread_blocked, id=5312, stack(0x000000d029100000,0x000000d029200000) (1024K)]
  0x000001f639c71ce0 JavaThread "Monitor Deflation Thread"   daemon [_thread_blocked, id=5124, stack(0x000000d029200000,0x000000d029300000) (1024K)]
  0x000001f639c72a70 JavaThread "C2 CompilerThread0"         daemon [_thread_blocked, id=14008, stack(0x000000d029300000,0x000000d029400000) (1024K)]
  0x000001f639c73d20 JavaThread "C1 CompilerThread0"         daemon [_thread_blocked, id=3592, stack(0x000000d029400000,0x000000d029500000) (1024K)]
  0x000001f639e12cd0 JavaThread "Notification Thread"        daemon [_thread_blocked, id=8408, stack(0x000000d029500000,0x000000d029600000) (1024K)]
Total: 11

Other Threads:
  0x000001f639a89a50 VMThread "VM Thread"                           [id=11448, stack(0x000000d028b00000,0x000000d028c00000) (1024K)]
  0x000001f639a301f0 WatcherThread "VM Periodic Task Thread"        [id=12428, stack(0x000000d028a00000,0x000000d028b00000) (1024K)]
  0x000001f622cb3800 WorkerThread "GC Thread#0"                     [id=4216, stack(0x000000d028500000,0x000000d028600000) (1024K)]
  0x000001f63e373350 WorkerThread "GC Thread#1"                     [id=2796, stack(0x000000d029700000,0x000000d029800000) (1024K)]
  0x000001f63e37ca80 WorkerThread "GC Thread#2"                     [id=12816, stack(0x000000d029800000,0x000000d029900000) (1024K)]
  0x000001f63e39b010 WorkerThread "GC Thread#3"                     [id=11944, stack(0x000000d029900000,0x000000d029a00000) (1024K)]
  0x000001f622cc5670 ConcurrentGCThread "G1 Main Marker"            [id=9524, stack(0x000000d028600000,0x000000d028700000) (1024K)]
  0x000001f622cc6820 WorkerThread "G1 Conc#0"                       [id=10176, stack(0x000000d028700000,0x000000d028800000) (1024K)]
  0x000001f6398f20c0 ConcurrentGCThread "G1 Refine#0"               [id=4164, stack(0x000000d028800000,0x000000d028900000) (1024K)]
  0x000001f6398f2b40 ConcurrentGCThread "G1 Service"                [id=1460, stack(0x000000d028900000,0x000000d028a00000) (1024K)]
Total: 10

Threads with active compile tasks:
Total: 0

VM state: not at safepoint (normal execution)

VM Mutex/Monitor currently owned by a thread:  ([mutex/lock_event])
[0x00007ffb44126490] Metaspace_lock - owner thread: 0x000001f6209c1570

Heap address: 0x0000000081000000, size: 2032 MB, Compressed Oops mode: 32-bit

CDS archive(s) not mapped
Compressed class space mapped at: 0x0000000100000000-0x0000000140000000, reserved size: 1073741824
Narrow klass base: 0x0000000000000000, Narrow klass shift: 3, Narrow klass range: 0x140000000

GC Precious Log:
 CardTable entry size: 512
 Card Set container configuration: InlinePtr #cards 5 size 8 Array Of Cards #cards 12 size 40 Howl #buckets 4 coarsen threshold 1843 Howl Bitmap #cards 512 size 80 coarsen threshold 460 Card regions per heap region 1 cards per card region 2048
 CPUs: 4 total, 4 available
 Memory: 8122M
 Large Page Support: Disabled
 NUMA Support: Disabled
 Compressed Oops: Enabled (32-bit)
 Heap Region Size: 1M
 Heap Min Capacity: 8M
 Heap Initial Capacity: 128M
 Heap Max Capacity: 2032M
 Pre-touch: Disabled
 Parallel Workers: 4
 Concurrent Workers: 1
 Concurrent Refinement Workers: 4
 Periodic GC: Disabled

Heap:
 garbage-first heap   total 131072K, used 17855K [0x0000000081000000, 0x0000000100000000)
  region size 1024K, 16 young (16384K), 2 survivors (2048K)
 Metaspace       used 15903K, committed 16064K, reserved 1114112K
  class space    used 1589K, committed 1664K, reserved 1048576K

Heap Regions: E=young(eden), S=young(survivor), O=old, HS=humongous(starts), HC=humongous(continues), CS=collection set, F=free, TAMS=top-at-mark-start, PB=parsable bottom
|   0|0x0000000081000000, 0x0000000081100000, 0x0000000081100000|100%|HS|  |TAMS 0x0000000081000000| PB 0x0000000081000000| Complete 
|   1|0x0000000081100000, 0x0000000081200000, 0x0000000081200000|100%|HC|  |TAMS 0x0000000081100000| PB 0x0000000081100000| Complete 
|   2|0x0000000081200000, 0x0000000081300000, 0x0000000081300000|100%|HC|  |TAMS 0x0000000081200000| PB 0x0000000081200000| Complete 
|   3|0x0000000081300000, 0x0000000081300000, 0x0000000081400000|  0%| F|  |TAMS 0x0000000081300000| PB 0x0000000081300000| Untracked 
|   4|0x0000000081400000, 0x000000008146ff90, 0x0000000081500000| 43%| O|  |TAMS 0x0000000081400000| PB 0x0000000081400000| Untracked 
|   5|0x0000000081500000, 0x0000000081500000, 0x0000000081600000|  0%| F|  |TAMS 0x0000000081500000| PB 0x0000000081500000| Untracked 
|   6|0x0000000081600000, 0x0000000081600000, 0x0000000081700000|  0%| F|  |TAMS 0x0000000081600000| PB 0x0000000081600000| Untracked 
|   7|0x0000000081700000, 0x0000000081700000, 0x0000000081800000|  0%| F|  |TAMS 0x0000000081700000| PB 0x0000000081700000| Untracked 
|   8|0x0000000081800000, 0x0000000081800000, 0x0000000081900000|  0%| F|  |TAMS 0x0000000081800000| PB 0x0000000081800000| Untracked 
|   9|0x0000000081900000, 0x0000000081900000, 0x0000000081a00000|  0%| F|  |TAMS 0x0000000081900000| PB 0x0000000081900000| Untracked 
|  10|0x0000000081a00000, 0x0000000081a00000, 0x0000000081b00000|  0%| F|  |TAMS 0x0000000081a00000| PB 0x0000000081a00000| Untracked 
|  11|0x0000000081b00000, 0x0000000081b00000, 0x0000000081c00000|  0%| F|  |TAMS 0x0000000081b00000| PB 0x0000000081b00000| Untracked 
|  12|0x0000000081c00000, 0x0000000081c00000, 0x0000000081d00000|  0%| F|  |TAMS 0x0000000081c00000| PB 0x0000000081c00000| Untracked 
|  13|0x0000000081d00000, 0x0000000081d00000, 0x0000000081e00000|  0%| F|  |TAMS 0x0000000081d00000| PB 0x0000000081d00000| Untracked 
|  14|0x0000000081e00000, 0x0000000081e00000, 0x0000000081f00000|  0%| F|  |TAMS 0x0000000081e00000| PB 0x0000000081e00000| Untracked 
|  15|0x0000000081f00000, 0x0000000081f00000, 0x0000000082000000|  0%| F|  |TAMS 0x0000000081f00000| PB 0x0000000081f00000| Untracked 
|  16|0x0000000082000000, 0x0000000082000000, 0x0000000082100000|  0%| F|  |TAMS 0x0000000082000000| PB 0x0000000082000000| Untracked 
|  17|0x0000000082100000, 0x0000000082100000, 0x0000000082200000|  0%| F|  |TAMS 0x0000000082100000| PB 0x0000000082100000| Untracked 
|  18|0x0000000082200000, 0x0000000082200000, 0x0000000082300000|  0%| F|  |TAMS 0x0000000082200000| PB 0x0000000082200000| Untracked 
|  19|0x0000000082300000, 0x0000000082300000, 0x0000000082400000|  0%| F|  |TAMS 0x0000000082300000| PB 0x0000000082300000| Untracked 
|  20|0x0000000082400000, 0x0000000082400000, 0x0000000082500000|  0%| F|  |TAMS 0x0000000082400000| PB 0x0000000082400000| Untracked 
|  21|0x0000000082500000, 0x0000000082500000, 0x0000000082600000|  0%| F|  |TAMS 0x0000000082500000| PB 0x0000000082500000| Untracked 
|  22|0x0000000082600000, 0x0000000082600000, 0x0000000082700000|  0%| F|  |TAMS 0x0000000082600000| PB 0x0000000082600000| Untracked 
|  23|0x0000000082700000, 0x0000000082700000, 0x0000000082800000|  0%| F|  |TAMS 0x0000000082700000| PB 0x0000000082700000| Untracked 
|  24|0x0000000082800000, 0x0000000082800000, 0x0000000082900000|  0%| F|  |TAMS 0x0000000082800000| PB 0x0000000082800000| Untracked 
|  25|0x0000000082900000, 0x0000000082900000, 0x0000000082a00000|  0%| F|  |TAMS 0x0000000082900000| PB 0x0000000082900000| Untracked 
|  26|0x0000000082a00000, 0x0000000082a00000, 0x0000000082b00000|  0%| F|  |TAMS 0x0000000082a00000| PB 0x0000000082a00000| Untracked 
|  27|0x0000000082b00000, 0x0000000082b00000, 0x0000000082c00000|  0%| F|  |TAMS 0x0000000082b00000| PB 0x0000000082b00000| Untracked 
|  28|0x0000000082c00000, 0x0000000082c00000, 0x0000000082d00000|  0%| F|  |TAMS 0x0000000082c00000| PB 0x0000000082c00000| Untracked 
|  29|0x0000000082d00000, 0x0000000082d00000, 0x0000000082e00000|  0%| F|  |TAMS 0x0000000082d00000| PB 0x0000000082d00000| Untracked 
|  30|0x0000000082e00000, 0x0000000082e00000, 0x0000000082f00000|  0%| F|  |TAMS 0x0000000082e00000| PB 0x0000000082e00000| Untracked 
|  31|0x0000000082f00000, 0x0000000082f00000, 0x0000000083000000|  0%| F|  |TAMS 0x0000000082f00000| PB 0x0000000082f00000| Untracked 
|  32|0x0000000083000000, 0x0000000083000000, 0x0000000083100000|  0%| F|  |TAMS 0x0000000083000000| PB 0x0000000083000000| Untracked 
|  33|0x0000000083100000, 0x0000000083100000, 0x0000000083200000|  0%| F|  |TAMS 0x0000000083100000| PB 0x0000000083100000| Untracked 
|  34|0x0000000083200000, 0x0000000083200000, 0x0000000083300000|  0%| F|  |TAMS 0x0000000083200000| PB 0x0000000083200000| Untracked 
|  35|0x0000000083300000, 0x0000000083300000, 0x0000000083400000|  0%| F|  |TAMS 0x0000000083300000| PB 0x0000000083300000| Untracked 
|  36|0x0000000083400000, 0x0000000083400000, 0x0000000083500000|  0%| F|  |TAMS 0x0000000083400000| PB 0x0000000083400000| Untracked 
|  37|0x0000000083500000, 0x0000000083500000, 0x0000000083600000|  0%| F|  |TAMS 0x0000000083500000| PB 0x0000000083500000| Untracked 
|  38|0x0000000083600000, 0x0000000083600000, 0x0000000083700000|  0%| F|  |TAMS 0x0000000083600000| PB 0x0000000083600000| Untracked 
|  39|0x0000000083700000, 0x0000000083700000, 0x0000000083800000|  0%| F|  |TAMS 0x0000000083700000| PB 0x0000000083700000| Untracked 
|  40|0x0000000083800000, 0x0000000083800000, 0x0000000083900000|  0%| F|  |TAMS 0x0000000083800000| PB 0x0000000083800000| Untracked 
|  41|0x0000000083900000, 0x0000000083900000, 0x0000000083a00000|  0%| F|  |TAMS 0x0000000083900000| PB 0x0000000083900000| Untracked 
|  42|0x0000000083a00000, 0x0000000083a00000, 0x0000000083b00000|  0%| F|  |TAMS 0x0000000083a00000| PB 0x0000000083a00000| Untracked 
|  43|0x0000000083b00000, 0x0000000083b00000, 0x0000000083c00000|  0%| F|  |TAMS 0x0000000083b00000| PB 0x0000000083b00000| Untracked 
|  44|0x0000000083c00000, 0x0000000083c00000, 0x0000000083d00000|  0%| F|  |TAMS 0x0000000083c00000| PB 0x0000000083c00000| Untracked 
|  45|0x0000000083d00000, 0x0000000083d00000, 0x0000000083e00000|  0%| F|  |TAMS 0x0000000083d00000| PB 0x0000000083d00000| Untracked 
|  46|0x0000000083e00000, 0x0000000083e00000, 0x0000000083f00000|  0%| F|  |TAMS 0x0000000083e00000| PB 0x0000000083e00000| Untracked 
|  47|0x0000000083f00000, 0x0000000083f00000, 0x0000000084000000|  0%| F|  |TAMS 0x0000000083f00000| PB 0x0000000083f00000| Untracked 
|  48|0x0000000084000000, 0x0000000084000000, 0x0000000084100000|  0%| F|  |TAMS 0x0000000084000000| PB 0x0000000084000000| Untracked 
|  49|0x0000000084100000, 0x0000000084100000, 0x0000000084200000|  0%| F|  |TAMS 0x0000000084100000| PB 0x0000000084100000| Untracked 
|  50|0x0000000084200000, 0x0000000084200000, 0x0000000084300000|  0%| F|  |TAMS 0x0000000084200000| PB 0x0000000084200000| Untracked 
|  51|0x0000000084300000, 0x0000000084300000, 0x0000000084400000|  0%| F|  |TAMS 0x0000000084300000| PB 0x0000000084300000| Untracked 
|  52|0x0000000084400000, 0x0000000084400000, 0x0000000084500000|  0%| F|  |TAMS 0x0000000084400000| PB 0x0000000084400000| Untracked 
|  53|0x0000000084500000, 0x0000000084500000, 0x0000000084600000|  0%| F|  |TAMS 0x0000000084500000| PB 0x0000000084500000| Untracked 
|  54|0x0000000084600000, 0x0000000084600000, 0x0000000084700000|  0%| F|  |TAMS 0x0000000084600000| PB 0x0000000084600000| Untracked 
|  55|0x0000000084700000, 0x0000000084700000, 0x0000000084800000|  0%| F|  |TAMS 0x0000000084700000| PB 0x0000000084700000| Untracked 
|  56|0x0000000084800000, 0x0000000084800000, 0x0000000084900000|  0%| F|  |TAMS 0x0000000084800000| PB 0x0000000084800000| Untracked 
|  57|0x0000000084900000, 0x0000000084900000, 0x0000000084a00000|  0%| F|  |TAMS 0x0000000084900000| PB 0x0000000084900000| Untracked 
|  58|0x0000000084a00000, 0x0000000084a00000, 0x0000000084b00000|  0%| F|  |TAMS 0x0000000084a00000| PB 0x0000000084a00000| Untracked 
|  59|0x0000000084b00000, 0x0000000084b00000, 0x0000000084c00000|  0%| F|  |TAMS 0x0000000084b00000| PB 0x0000000084b00000| Untracked 
|  60|0x0000000084c00000, 0x0000000084c00000, 0x0000000084d00000|  0%| F|  |TAMS 0x0000000084c00000| PB 0x0000000084c00000| Untracked 
|  61|0x0000000084d00000, 0x0000000084d00000, 0x0000000084e00000|  0%| F|  |TAMS 0x0000000084d00000| PB 0x0000000084d00000| Untracked 
|  62|0x0000000084e00000, 0x0000000084e00000, 0x0000000084f00000|  0%| F|  |TAMS 0x0000000084e00000| PB 0x0000000084e00000| Untracked 
|  63|0x0000000084f00000, 0x0000000084f00000, 0x0000000085000000|  0%| F|  |TAMS 0x0000000084f00000| PB 0x0000000084f00000| Untracked 
|  64|0x0000000085000000, 0x0000000085000000, 0x0000000085100000|  0%| F|  |TAMS 0x0000000085000000| PB 0x0000000085000000| Untracked 
|  65|0x0000000085100000, 0x0000000085100000, 0x0000000085200000|  0%| F|  |TAMS 0x0000000085100000| PB 0x0000000085100000| Untracked 
|  66|0x0000000085200000, 0x0000000085200000, 0x0000000085300000|  0%| F|  |TAMS 0x0000000085200000| PB 0x0000000085200000| Untracked 
|  67|0x0000000085300000, 0x0000000085300000, 0x0000000085400000|  0%| F|  |TAMS 0x0000000085300000| PB 0x0000000085300000| Untracked 
|  68|0x0000000085400000, 0x0000000085400000, 0x0000000085500000|  0%| F|  |TAMS 0x0000000085400000| PB 0x0000000085400000| Untracked 
|  69|0x0000000085500000, 0x0000000085500000, 0x0000000085600000|  0%| F|  |TAMS 0x0000000085500000| PB 0x0000000085500000| Untracked 
|  70|0x0000000085600000, 0x0000000085600000, 0x0000000085700000|  0%| F|  |TAMS 0x0000000085600000| PB 0x0000000085600000| Untracked 
|  71|0x0000000085700000, 0x0000000085700000, 0x0000000085800000|  0%| F|  |TAMS 0x0000000085700000| PB 0x0000000085700000| Untracked 
|  72|0x0000000085800000, 0x0000000085800000, 0x0000000085900000|  0%| F|  |TAMS 0x0000000085800000| PB 0x0000000085800000| Untracked 
|  73|0x0000000085900000, 0x0000000085900000, 0x0000000085a00000|  0%| F|  |TAMS 0x0000000085900000| PB 0x0000000085900000| Untracked 
|  74|0x0000000085a00000, 0x0000000085a00000, 0x0000000085b00000|  0%| F|  |TAMS 0x0000000085a00000| PB 0x0000000085a00000| Untracked 
|  75|0x0000000085b00000, 0x0000000085b00000, 0x0000000085c00000|  0%| F|  |TAMS 0x0000000085b00000| PB 0x0000000085b00000| Untracked 
|  76|0x0000000085c00000, 0x0000000085c00000, 0x0000000085d00000|  0%| F|  |TAMS 0x0000000085c00000| PB 0x0000000085c00000| Untracked 
|  77|0x0000000085d00000, 0x0000000085d00000, 0x0000000085e00000|  0%| F|  |TAMS 0x0000000085d00000| PB 0x0000000085d00000| Untracked 
|  78|0x0000000085e00000, 0x0000000085e00000, 0x0000000085f00000|  0%| F|  |TAMS 0x0000000085e00000| PB 0x0000000085e00000| Untracked 
|  79|0x0000000085f00000, 0x0000000085f00000, 0x0000000086000000|  0%| F|  |TAMS 0x0000000085f00000| PB 0x0000000085f00000| Untracked 
|  80|0x0000000086000000, 0x0000000086000000, 0x0000000086100000|  0%| F|  |TAMS 0x0000000086000000| PB 0x0000000086000000| Untracked 
|  81|0x0000000086100000, 0x0000000086100000, 0x0000000086200000|  0%| F|  |TAMS 0x0000000086100000| PB 0x0000000086100000| Untracked 
|  82|0x0000000086200000, 0x0000000086200000, 0x0000000086300000|  0%| F|  |TAMS 0x0000000086200000| PB 0x0000000086200000| Untracked 
|  83|0x0000000086300000, 0x0000000086300000, 0x0000000086400000|  0%| F|  |TAMS 0x0000000086300000| PB 0x0000000086300000| Untracked 
|  84|0x0000000086400000, 0x0000000086400000, 0x0000000086500000|  0%| F|  |TAMS 0x0000000086400000| PB 0x0000000086400000| Untracked 
|  85|0x0000000086500000, 0x0000000086500000, 0x0000000086600000|  0%| F|  |TAMS 0x0000000086500000| PB 0x0000000086500000| Untracked 
|  86|0x0000000086600000, 0x0000000086600000, 0x0000000086700000|  0%| F|  |TAMS 0x0000000086600000| PB 0x0000000086600000| Untracked 
|  87|0x0000000086700000, 0x0000000086700000, 0x0000000086800000|  0%| F|  |TAMS 0x0000000086700000| PB 0x0000000086700000| Untracked 
|  88|0x0000000086800000, 0x0000000086800000, 0x0000000086900000|  0%| F|  |TAMS 0x0000000086800000| PB 0x0000000086800000| Untracked 
|  89|0x0000000086900000, 0x0000000086900000, 0x0000000086a00000|  0%| F|  |TAMS 0x0000000086900000| PB 0x0000000086900000| Untracked 
|  90|0x0000000086a00000, 0x0000000086a00000, 0x0000000086b00000|  0%| F|  |TAMS 0x0000000086a00000| PB 0x0000000086a00000| Untracked 
|  91|0x0000000086b00000, 0x0000000086b00000, 0x0000000086c00000|  0%| F|  |TAMS 0x0000000086b00000| PB 0x0000000086b00000| Untracked 
|  92|0x0000000086c00000, 0x0000000086c00000, 0x0000000086d00000|  0%| F|  |TAMS 0x0000000086c00000| PB 0x0000000086c00000| Untracked 
|  93|0x0000000086d00000, 0x0000000086d00000, 0x0000000086e00000|  0%| F|  |TAMS 0x0000000086d00000| PB 0x0000000086d00000| Untracked 
|  94|0x0000000086e00000, 0x0000000086e00000, 0x0000000086f00000|  0%| F|  |TAMS 0x0000000086e00000| PB 0x0000000086e00000| Untracked 
|  95|0x0000000086f00000, 0x0000000086f00000, 0x0000000087000000|  0%| F|  |TAMS 0x0000000086f00000| PB 0x0000000086f00000| Untracked 
|  96|0x0000000087000000, 0x0000000087000000, 0x0000000087100000|  0%| F|  |TAMS 0x0000000087000000| PB 0x0000000087000000| Untracked 
|  97|0x0000000087100000, 0x0000000087100000, 0x0000000087200000|  0%| F|  |TAMS 0x0000000087100000| PB 0x0000000087100000| Untracked 
|  98|0x0000000087200000, 0x0000000087200000, 0x0000000087300000|  0%| F|  |TAMS 0x0000000087200000| PB 0x0000000087200000| Untracked 
|  99|0x0000000087300000, 0x0000000087300000, 0x0000000087400000|  0%| F|  |TAMS 0x0000000087300000| PB 0x0000000087300000| Untracked 
| 100|0x0000000087400000, 0x0000000087400000, 0x0000000087500000|  0%| F|  |TAMS 0x0000000087400000| PB 0x0000000087400000| Untracked 
| 101|0x0000000087500000, 0x0000000087500000, 0x0000000087600000|  0%| F|  |TAMS 0x0000000087500000| PB 0x0000000087500000| Untracked 
| 102|0x0000000087600000, 0x0000000087600000, 0x0000000087700000|  0%| F|  |TAMS 0x0000000087600000| PB 0x0000000087600000| Untracked 
| 103|0x0000000087700000, 0x0000000087700000, 0x0000000087800000|  0%| F|  |TAMS 0x0000000087700000| PB 0x0000000087700000| Untracked 
| 104|0x0000000087800000, 0x0000000087800000, 0x0000000087900000|  0%| F|  |TAMS 0x0000000087800000| PB 0x0000000087800000| Untracked 
| 105|0x0000000087900000, 0x0000000087900000, 0x0000000087a00000|  0%| F|  |TAMS 0x0000000087900000| PB 0x0000000087900000| Untracked 
| 106|0x0000000087a00000, 0x0000000087a00000, 0x0000000087b00000|  0%| F|  |TAMS 0x0000000087a00000| PB 0x0000000087a00000| Untracked 
| 107|0x0000000087b00000, 0x0000000087b00000, 0x0000000087c00000|  0%| F|  |TAMS 0x0000000087b00000| PB 0x0000000087b00000| Untracked 
| 108|0x0000000087c00000, 0x0000000087c00000, 0x0000000087d00000|  0%| F|  |TAMS 0x0000000087c00000| PB 0x0000000087c00000| Untracked 
| 109|0x0000000087d00000, 0x0000000087d00000, 0x0000000087e00000|  0%| F|  |TAMS 0x0000000087d00000| PB 0x0000000087d00000| Untracked 
| 110|0x0000000087e00000, 0x0000000087e00000, 0x0000000087f00000|  0%| F|  |TAMS 0x0000000087e00000| PB 0x0000000087e00000| Untracked 
| 111|0x0000000087f00000, 0x0000000087f00000, 0x0000000088000000|  0%| F|  |TAMS 0x0000000087f00000| PB 0x0000000087f00000| Untracked 
| 112|0x0000000088000000, 0x00000000880bdff0, 0x0000000088100000| 74%| E|  |TAMS 0x0000000088000000| PB 0x0000000088000000| Complete 
| 113|0x0000000088100000, 0x0000000088200000, 0x0000000088200000|100%| S|CS|TAMS 0x0000000088100000| PB 0x0000000088100000| Complete 
| 114|0x0000000088200000, 0x0000000088300000, 0x0000000088300000|100%| S|CS|TAMS 0x0000000088200000| PB 0x0000000088200000| Complete 
| 115|0x0000000088300000, 0x0000000088400000, 0x0000000088400000|100%| E|CS|TAMS 0x0000000088300000| PB 0x0000000088300000| Complete 
| 116|0x0000000088400000, 0x0000000088500000, 0x0000000088500000|100%| E|CS|TAMS 0x0000000088400000| PB 0x0000000088400000| Complete 
| 117|0x0000000088500000, 0x0000000088600000, 0x0000000088600000|100%| E|CS|TAMS 0x0000000088500000| PB 0x0000000088500000| Complete 
| 118|0x0000000088600000, 0x0000000088700000, 0x0000000088700000|100%| E|CS|TAMS 0x0000000088600000| PB 0x0000000088600000| Complete 
| 119|0x0000000088700000, 0x0000000088800000, 0x0000000088800000|100%| E|CS|TAMS 0x0000000088700000| PB 0x0000000088700000| Complete 
| 120|0x0000000088800000, 0x0000000088900000, 0x0000000088900000|100%| E|  |TAMS 0x0000000088800000| PB 0x0000000088800000| Complete 
| 121|0x0000000088900000, 0x0000000088a00000, 0x0000000088a00000|100%| E|CS|TAMS 0x0000000088900000| PB 0x0000000088900000| Complete 
| 122|0x0000000088a00000, 0x0000000088b00000, 0x0000000088b00000|100%| E|CS|TAMS 0x0000000088a00000| PB 0x0000000088a00000| Complete 
| 123|0x0000000088b00000, 0x0000000088c00000, 0x0000000088c00000|100%| E|CS|TAMS 0x0000000088b00000| PB 0x0000000088b00000| Complete 
| 124|0x0000000088c00000, 0x0000000088d00000, 0x0000000088d00000|100%| E|CS|TAMS 0x0000000088c00000| PB 0x0000000088c00000| Complete 
| 125|0x0000000088d00000, 0x0000000088e00000, 0x0000000088e00000|100%| E|CS|TAMS 0x0000000088d00000| PB 0x0000000088d00000| Complete 
| 126|0x0000000088e00000, 0x0000000088f00000, 0x0000000088f00000|100%| E|CS|TAMS 0x0000000088e00000| PB 0x0000000088e00000| Complete 
| 127|0x0000000088f00000, 0x0000000089000000, 0x0000000089000000|100%| E|CS|TAMS 0x0000000088f00000| PB 0x0000000088f00000| Complete 

Card table byte_map: [0x000001f6351d0000,0x000001f6355d0000] _byte_map_base: 0x000001f634dc8000

Marking Bits: (CMBitMap*) 0x000001f622cb4e20
 Bits: [0x000001f6355d0000, 0x000001f637590000)

Polling page: 0x000001f620c20000

Metaspace:

Usage:
  Non-class:     13.98 MB used.
      Class:      1.55 MB used.
       Both:     15.53 MB used.

Virtual space:
  Non-class space:       64.00 MB reserved,      14.06 MB ( 22%) committed,  1 nodes.
      Class space:        1.00 GB reserved,       1.62 MB ( <1%) committed,  1 nodes.
             Both:        1.06 GB reserved,      15.69 MB (  1%) committed. 

Chunk freelists:
   Non-Class:  1.47 MB
       Class:  14.25 MB
        Both:  15.72 MB

MaxMetaspaceSize: unlimited
CompressedClassSpaceSize: 1.00 GB
Initial GC threshold: 21.00 MB
Current GC threshold: 21.00 MB
CDS: off
 - commit_granule_bytes: 65536.
 - commit_granule_words: 8192.
 - virtual_space_node_default_size: 8388608.
 - enlarge_chunks_in_place: 1.
 - use_allocation_guard: 0.


Internal statistics:

num_allocs_failed_limit: 0.
num_arena_births: 52.
num_arena_deaths: 0.
num_vsnodes_births: 2.
num_vsnodes_deaths: 0.
num_space_committed: 251.
num_space_uncommitted: 0.
num_chunks_returned_to_freelist: 0.
num_chunks_taken_from_freelist: 326.
num_chunk_merges: 0.
num_chunk_splits: 252.
num_chunks_enlarged: 216.
num_inconsistent_stats: 0.

CodeHeap 'non-profiled nmethods': size=120000Kb used=269Kb max_used=269Kb free=119730Kb
 bounds [0x000001f62d8a0000, 0x000001f62db10000, 0x000001f634dd0000]
CodeHeap 'profiled nmethods': size=120000Kb used=1566Kb max_used=1566Kb free=118433Kb
 bounds [0x000001f625dd0000, 0x000001f626040000, 0x000001f62d300000]
CodeHeap 'non-nmethods': size=5760Kb used=1274Kb max_used=1289Kb free=4485Kb
 bounds [0x000001f62d300000, 0x000001f62d570000, 0x000001f62d8a0000]
CodeCache: size=245760Kb, used=3109Kb, max_used=3124Kb, free=242648Kb
 total_blobs=1404, nmethods=941, adapters=368, full_count=0
Compilation: enabled, stopped_count=0, restarted_count=0

Compilation events (20 events):
Event: 1.695 Thread 0x000001f639c72a70  932       4       java.lang.Math::max (11 bytes)
Event: 1.695 Thread 0x000001f639c73d20 nmethod 931 0x000001f625f52290 code [0x000001f625f52440, 0x000001f625f52590]
Event: 1.695 Thread 0x000001f639c73d20  934       3       jdk.internal.org.objectweb.asm.MethodWriter::endCurrentBasicBlockWithNoSuccessor (94 bytes)
Event: 1.696 Thread 0x000001f639c72a70 nmethod 932 0x000001f62d8e2b10 code [0x000001f62d8e2c80, 0x000001f62d8e2cf0]
Event: 1.696 Thread 0x000001f639c72a70  933       4       java.lang.AbstractStringBuilder::<init> (39 bytes)
Event: 1.696 Thread 0x000001f639c73d20 nmethod 934 0x000001f625f52610 code [0x000001f625f52800, 0x000001f625f52e48]
Event: 1.696 Thread 0x000001f639c73d20  935       3       jdk.internal.org.objectweb.asm.Frame::accept (264 bytes)
Event: 1.697 Thread 0x000001f639c73d20 nmethod 935 0x000001f625f53090 code [0x000001f625f532c0, 0x000001f625f53b60]
Event: 1.697 Thread 0x000001f639c73d20  938       3       jdk.internal.org.objectweb.asm.Type::getReturnTypeOffset (64 bytes)
Event: 1.698 Thread 0x000001f639c72a70 nmethod 933 0x000001f62d8e2e10 code [0x000001f62d8e2fa0, 0x000001f62d8e3210]
Event: 1.699 Thread 0x000001f639c73d20 nmethod 938 0x000001f625f53f10 code [0x000001f625f54200, 0x000001f625f55390]
Event: 1.699 Thread 0x000001f639c73d20  940       3       java.lang.Class::getMethodsRecursive (99 bytes)
Event: 1.700 Thread 0x000001f639c73d20 nmethod 940 0x000001f625f55a90 code [0x000001f625f55cc0, 0x000001f625f56258]
Event: 1.700 Thread 0x000001f639c73d20  936       3       jdk.internal.org.objectweb.asm.ByteVector::put11 (52 bytes)
Event: 1.700 Thread 0x000001f639c73d20 nmethod 936 0x000001f625f56590 code [0x000001f625f56740, 0x000001f625f56948]
Event: 1.700 Thread 0x000001f639c73d20  939       3       jdk.internal.org.objectweb.asm.AnnotationWriter::putAnnotations (67 bytes)
Event: 1.700 Thread 0x000001f639c72a70  941       4       java.lang.invoke.MethodType::parameterType (7 bytes)
Event: 1.701 Thread 0x000001f639c73d20 nmethod 939 0x000001f625f56a90 code [0x000001f625f56cc0, 0x000001f625f57098]
Event: 1.701 Thread 0x000001f639c73d20  937       3       java.util.LinkedHashMap$LinkedHashIterator::nextNode (68 bytes)
Event: 1.701 Thread 0x000001f639c72a70 nmethod 941 0x000001f62d8e3310 code [0x000001f62d8e34a0, 0x000001f62d8e3570]

GC Heap History (2 events):
Event: 1.037 GC heap before
{Heap before GC invocations=0 (full 0):
 garbage-first heap   total 131072K, used 16384K [0x0000000081000000, 0x0000000100000000)
  region size 1024K, 13 young (13312K), 0 survivors (0K)
 Metaspace       used 12094K, committed 12288K, reserved 1114112K
  class space    used 1082K, committed 1152K, reserved 1048576K
}
Event: 1.042 GC heap after
{Heap after GC invocations=1 (full 0):
 garbage-first heap   total 131072K, used 5567K [0x0000000081000000, 0x0000000100000000)
  region size 1024K, 2 young (2048K), 2 survivors (2048K)
 Metaspace       used 12094K, committed 12288K, reserved 1114112K
  class space    used 1082K, committed 1152K, reserved 1048576K
}

Dll operation events (2 events):
Event: 0.010 Loaded shared library C:\Program Files\Android\Android Studio1\jbr\bin\java.dll
Event: 0.019 Loaded shared library C:\Program Files\Android\Android Studio1\jbr\bin\zip.dll

Deoptimization events (20 events):
Event: 0.472 Thread 0x000001f6209c1570 DEOPT PACKING pc=0x000001f62d8aede8 sp=0x000000d0284fc120
Event: 0.472 Thread 0x000001f6209c1570 DEOPT UNPACKING pc=0x000001f62d3543a2 sp=0x000000d0284fc058 mode 2
Event: 0.510 Thread 0x000001f6209c1570 DEOPT PACKING pc=0x000001f625de6b4c sp=0x000000d0284f9930
Event: 0.510 Thread 0x000001f6209c1570 DEOPT UNPACKING pc=0x000001f62d354b42 sp=0x000000d0284f8d98 mode 0
Event: 0.759 Thread 0x000001f6209c1570 Uncommon trap: trap_request=0xffffff6e fr.pc=0x000001f62d8b7088 relative=0x0000000000000168
Event: 0.759 Thread 0x000001f6209c1570 Uncommon trap: reason=loop_limit_check action=maybe_recompile pc=0x000001f62d8b7088 method=java.lang.StringLatin1.lastIndexOf([BII)I @ 19 c2
Event: 0.759 Thread 0x000001f6209c1570 DEOPT PACKING pc=0x000001f62d8b7088 sp=0x000000d0284fc510
Event: 0.759 Thread 0x000001f6209c1570 DEOPT UNPACKING pc=0x000001f62d3543a2 sp=0x000000d0284fc490 mode 2
Event: 1.042 Thread 0x000001f639c3ac30 Uncommon trap: trap_request=0xffffff45 fr.pc=0x000001f62d8bec60 relative=0x0000000000000040
Event: 1.042 Thread 0x000001f639c3ac30 Uncommon trap: reason=unstable_if action=reinterpret pc=0x000001f62d8bec60 method=java.util.concurrent.locks.AbstractQueuedSynchronizer.signalNext(Ljava/util/concurrent/locks/AbstractQueuedSynchronizer$Node;)V @ 1 c2
Event: 1.042 Thread 0x000001f639c3ac30 DEOPT PACKING pc=0x000001f62d8bec60 sp=0x000000d028dfedd0
Event: 1.042 Thread 0x000001f639c3ac30 DEOPT UNPACKING pc=0x000001f62d3543a2 sp=0x000000d028dfed60 mode 2
Event: 1.356 Thread 0x000001f6209c1570 Uncommon trap: trap_request=0xffffff45 fr.pc=0x000001f62d8ddb14 relative=0x0000000000000174
Event: 1.356 Thread 0x000001f6209c1570 Uncommon trap: reason=unstable_if action=reinterpret pc=0x000001f62d8ddb14 method=sun.nio.fs.WindowsPathParser.isInvalidPathChar(C)Z @ 13 c2
Event: 1.356 Thread 0x000001f6209c1570 DEOPT PACKING pc=0x000001f62d8ddb14 sp=0x000000d0284fe780
Event: 1.356 Thread 0x000001f6209c1570 DEOPT UNPACKING pc=0x000001f62d3543a2 sp=0x000000d0284fe718 mode 2
Event: 1.687 Thread 0x000001f6209c1570 Uncommon trap: trap_request=0xffffff45 fr.pc=0x000001f62d8cb920 relative=0x00000000000000e0
Event: 1.687 Thread 0x000001f6209c1570 Uncommon trap: reason=unstable_if action=reinterpret pc=0x000001f62d8cb920 method=sun.reflect.generics.parser.SignatureParser.current()C @ 39 c2
Event: 1.687 Thread 0x000001f6209c1570 DEOPT PACKING pc=0x000001f62d8cb920 sp=0x000000d0284fcd90
Event: 1.687 Thread 0x000001f6209c1570 DEOPT UNPACKING pc=0x000001f62d3543a2 sp=0x000000d0284fcd28 mode 2

Classes loaded (20 events):
Event: 1.687 Loading class java/lang/reflect/TypeVariable
Event: 1.687 Loading class java/lang/reflect/TypeVariable done
Event: 1.687 Loading class sun/reflect/generics/tree/FormalTypeParameter
Event: 1.687 Loading class sun/reflect/generics/tree/FormalTypeParameter done
Event: 1.687 Loading class sun/reflect/generics/tree/ClassSignature
Event: 1.687 Loading class sun/reflect/generics/tree/Signature
Event: 1.687 Loading class sun/reflect/generics/tree/Signature done
Event: 1.687 Loading class sun/reflect/generics/tree/ClassSignature done
Event: 1.690 Loading class sun/reflect/generics/reflectiveObjects/ParameterizedTypeImpl
Event: 1.690 Loading class java/lang/reflect/ParameterizedType
Event: 1.690 Loading class java/lang/reflect/ParameterizedType done
Event: 1.690 Loading class sun/reflect/generics/reflectiveObjects/ParameterizedTypeImpl done
Event: 1.690 Loading class sun/reflect/generics/tree/TypeVariableSignature
Event: 1.690 Loading class sun/reflect/generics/tree/TypeVariableSignature done
Event: 1.690 Loading class sun/reflect/generics/reflectiveObjects/TypeVariableImpl
Event: 1.690 Loading class sun/reflect/generics/reflectiveObjects/LazyReflectiveObjectGenerator
Event: 1.690 Loading class sun/reflect/generics/reflectiveObjects/LazyReflectiveObjectGenerator done
Event: 1.690 Loading class sun/reflect/generics/reflectiveObjects/TypeVariableImpl done
Event: 1.698 Loading class java/lang/Class$AnnotationData
Event: 1.698 Loading class java/lang/Class$AnnotationData done

Classes unloaded (0 events):
No events

Classes redefined (0 events):
No events

Internal exceptions (12 events):
Event: 0.890 Thread 0x000001f6209c1570 Exception <a 'java/lang/NoSuchMethodError'{0x000000008840cb38}: 'void java.lang.invoke.DirectMethodHandle$Holder.invokeSpecial(java.lang.Object, java.lang.Object, int)'> (0x000000008840cb38) 
thrown [s\src\hotspot\share\interpreter\linkResolver.cpp, line 784]
Event: 0.891 Thread 0x000001f6209c1570 Exception <a 'java/lang/NoSuchMethodError'{0x00000000884118e0}: 'int java.lang.invoke.DirectMethodHandle$Holder.invokeSpecial(java.lang.Object, java.lang.Object, java.lang.Object, int)'> (0x00000000884118e0) 
thrown [s\src\hotspot\share\interpreter\linkResolver.cpp, line 784]
Event: 0.895 Thread 0x000001f6209c1570 Exception <a 'java/lang/NoSuchMethodError'{0x0000000088424228}: 'java.lang.Object java.lang.invoke.DirectMethodHandle$Holder.invokeStatic(java.lang.Object, java.lang.Object, java.lang.Object, java.lang.Object, int)'> (0x0000000088424228) 
thrown [s\src\hotspot\share\interpreter\linkResolver.cpp, line 784]
Event: 0.897 Thread 0x000001f6209c1570 Exception <a 'java/lang/NoSuchMethodError'{0x000000008842c4a8}: 'void java.lang.invoke.DelegatingMethodHandle$Holder.reinvoke_L(java.lang.Object, java.lang.Object, int)'> (0x000000008842c4a8) 
thrown [s\src\hotspot\share\interpreter\linkResolver.cpp, line 784]
Event: 0.902 Thread 0x000001f6209c1570 Exception <a 'java/lang/NoSuchMethodError'{0x000000008843bdb8}: 'void java.lang.invoke.DirectMethodHandle$Holder.invokeSpecial(java.lang.Object, java.lang.Object, java.lang.Object)'> (0x000000008843bdb8) 
thrown [s\src\hotspot\share\interpreter\linkResolver.cpp, line 784]
Event: 1.220 Thread 0x000001f6209c1570 Exception <a 'java/lang/NoSuchMethodError'{0x0000000088d18cb0}: 'void java.lang.invoke.DirectMethodHandle$Holder.invokeStatic(java.lang.Object, java.lang.Object, java.lang.Object, java.lang.Object)'> (0x0000000088d18cb0) 
thrown [s\src\hotspot\share\interpreter\linkResolver.cpp, line 784]
Event: 1.337 Thread 0x000001f6209c1570 Exception <a 'java/lang/NoSuchMethodError'{0x0000000088b6e1e0}: 'java.lang.Object java.lang.invoke.DirectMethodHandle$Holder.newInvokeSpecial(java.lang.Object, java.lang.Object, java.lang.Object, java.lang.Object, java.lang.Object)'> (0x0000000088b6e1e0) 
thrown [s\src\hotspot\share\interpreter\linkResolver.cpp, line 784]
Event: 1.357 Thread 0x000001f6209c1570 Exception <a 'sun/nio/fs/WindowsException'{0x0000000088bf89c0}> (0x0000000088bf89c0) 
thrown [s\src\hotspot\share\prims\jni.cpp, line 537]
Event: 1.358 Thread 0x000001f6209c1570 Exception <a 'sun/nio/fs/WindowsException'{0x0000000088bf98e0}> (0x0000000088bf98e0) 
thrown [s\src\hotspot\share\prims\jni.cpp, line 537]
Event: 1.358 Thread 0x000001f6209c1570 Exception <a 'sun/nio/fs/WindowsException'{0x0000000088bfa3c0}> (0x0000000088bfa3c0) 
thrown [s\src\hotspot\share\prims\jni.cpp, line 537]
Event: 1.359 Thread 0x000001f6209c1570 Exception <a 'sun/nio/fs/WindowsException'{0x0000000088bfae90}> (0x0000000088bfae90) 
thrown [s\src\hotspot\share\prims\jni.cpp, line 537]
Event: 1.700 Thread 0x000001f6209c1570 Exception <a 'java/lang/NoSuchMethodError'{0x000000008809b5d8}: 'java.lang.Object java.lang.invoke.DirectMethodHandle$Holder.invokeStaticInit(java.lang.Object, java.lang.Object, java.lang.Object, java.lang.Object)'> (0x000000008809b5d8) 
thrown [s\src\hotspot\share\interpreter\linkResolver.cpp, line 784]

ZGC Phase Switch (0 events):
No events

VM Operations (6 events):
Event: 0.219 Executing VM operation: HandshakeAllThreads (Deoptimize)
Event: 0.219 Executing VM operation: HandshakeAllThreads (Deoptimize) done
Event: 0.756 Executing VM operation: HandshakeAllThreads (Deoptimize)
Event: 0.756 Executing VM operation: HandshakeAllThreads (Deoptimize) done
Event: 1.036 Executing VM operation: G1CollectForAllocation (G1 Evacuation Pause)
Event: 1.042 Executing VM operation: G1CollectForAllocation (G1 Evacuation Pause) done

Memory protections (0 events):
No events

Nmethod flushes (0 events):
No events

Events (20 events):
Event: 0.079 Thread 0x000001f6209c1570 Thread added: 0x000001f639c30060
Event: 0.087 Thread 0x000001f6209c1570 Thread added: 0x000001f639c3ac30
Event: 0.087 Thread 0x000001f6209c1570 Thread added: 0x000001f639c30b90
Event: 0.088 Thread 0x000001f6209c1570 Thread added: 0x000001f639c65590
Event: 0.088 Thread 0x000001f6209c1570 Thread added: 0x000001f639c66800
Event: 0.088 Thread 0x000001f6209c1570 Thread added: 0x000001f639c67260
Event: 0.089 Thread 0x000001f6209c1570 Thread added: 0x000001f639c71ce0
Event: 0.089 Thread 0x000001f6209c1570 Thread added: 0x000001f639c72a70
Event: 0.089 Thread 0x000001f6209c1570 Thread added: 0x000001f639c73d20
Event: 0.147 Thread 0x000001f6209c1570 Thread added: 0x000001f639e12cd0
Event: 0.165 Loaded shared library C:\Program Files\Android\Android Studio1\jbr\bin\net.dll
Event: 0.169 Loaded shared library C:\Program Files\Android\Android Studio1\jbr\bin\nio.dll
Event: 0.201 Thread 0x000001f639c72a70 Thread added: 0x000001f639d232e0
Event: 0.217 Loaded shared library C:\Program Files\Android\Android Studio1\jbr\bin\zip.dll
Event: 0.332 Thread 0x000001f639d232e0 Thread exited: 0x000001f639d232e0
Event: 0.407 Loaded shared library C:\Program Files\Android\Android Studio1\jbr\bin\jimage.dll
Event: 0.642 Thread 0x000001f639c72a70 Thread added: 0x000001f639d217a0
Event: 0.936 Loaded shared library C:\Program Files\Android\Android Studio1\jbr\bin\management.dll
Event: 0.947 Loaded shared library C:\Program Files\Android\Android Studio1\jbr\bin\management_ext.dll
Event: 1.057 Thread 0x000001f639d217a0 Thread exited: 0x000001f639d217a0


Dynamic libraries:
0x00007ff681e10000 - 0x00007ff681e1a000 	C:\Program Files\Android\Android Studio1\jbr\bin\java.exe
0x00007ffb82110000 - 0x00007ffb82308000 	C:\WINDOWS\SYSTEM32\ntdll.dll
0x00007ffb81520000 - 0x00007ffb815e2000 	C:\WINDOWS\System32\KERNEL32.DLL
0x00007ffb7fca0000 - 0x00007ffb7ff96000 	C:\WINDOWS\System32\KERNELBASE.dll
0x00007ffb7f900000 - 0x00007ffb7fa00000 	C:\WINDOWS\System32\ucrtbase.dll
0x00007ffb6e690000 - 0x00007ffb6e6ab000 	C:\Program Files\Android\Android Studio1\jbr\bin\VCRUNTIME140.dll
0x00007ffb603a0000 - 0x00007ffb603b8000 	C:\Program Files\Android\Android Studio1\jbr\bin\jli.dll
0x00007ffb80220000 - 0x00007ffb803c1000 	C:\WINDOWS\System32\USER32.dll
0x00007ffb800b0000 - 0x00007ffb800d2000 	C:\WINDOWS\System32\win32u.dll
0x00007ffb815f0000 - 0x00007ffb8161b000 	C:\WINDOWS\System32\GDI32.dll
0x00007ffb6b150000 - 0x00007ffb6b3eb000 	C:\WINDOWS\WinSxS\amd64_microsoft.windows.common-controls_6595b64144ccf1df_6.0.19041.6456_none_60b8a6cb71f64256\COMCTL32.dll
0x00007ffb7fb50000 - 0x00007ffb7fc69000 	C:\WINDOWS\System32\gdi32full.dll
0x00007ffb7fa00000 - 0x00007ffb7fa9d000 	C:\WINDOWS\System32\msvcp_win.dll
0x00007ffb80ad0000 - 0x00007ffb80b6e000 	C:\WINDOWS\System32\msvcrt.dll
0x00007ffb801f0000 - 0x00007ffb8021f000 	C:\WINDOWS\System32\IMM32.DLL
0x00007ffb7a150000 - 0x00007ffb7a15c000 	C:\Program Files\Android\Android Studio1\jbr\bin\vcruntime140_1.dll
0x00007ffb4b970000 - 0x00007ffb4b9fd000 	C:\Program Files\Android\Android Studio1\jbr\bin\msvcp140.dll
0x00007ffb43570000 - 0x00007ffb44206000 	C:\Program Files\Android\Android Studio1\jbr\bin\server\jvm.dll
0x00007ffb80470000 - 0x00007ffb80521000 	C:\WINDOWS\System32\ADVAPI32.dll
0x00007ffb803d0000 - 0x00007ffb8046f000 	C:\WINDOWS\System32\sechost.dll
0x00007ffb81f50000 - 0x00007ffb82070000 	C:\WINDOWS\System32\RPCRT4.dll
0x00007ffb7fc70000 - 0x00007ffb7fc97000 	C:\WINDOWS\System32\bcrypt.dll
0x00007ffb81ac0000 - 0x00007ffb81b2b000 	C:\WINDOWS\System32\WS2_32.dll
0x00007ffb7f600000 - 0x00007ffb7f64b000 	C:\WINDOWS\SYSTEM32\POWRPROF.dll
0x00007ffb6b400000 - 0x00007ffb6b427000 	C:\WINDOWS\SYSTEM32\WINMM.dll
0x00007ffb72800000 - 0x00007ffb7280a000 	C:\WINDOWS\SYSTEM32\VERSION.dll
0x00007ffb7f5e0000 - 0x00007ffb7f5f2000 	C:\WINDOWS\SYSTEM32\UMPDC.dll
0x00007ffb7dfb0000 - 0x00007ffb7dfc2000 	C:\WINDOWS\SYSTEM32\kernel.appcore.dll
0x00007ffb7a140000 - 0x00007ffb7a14a000 	C:\Program Files\Android\Android Studio1\jbr\bin\jimage.dll
0x00007ffb7d470000 - 0x00007ffb7d671000 	C:\WINDOWS\SYSTEM32\DBGHELP.DLL
0x00007ffb6af10000 - 0x00007ffb6af44000 	C:\WINDOWS\SYSTEM32\dbgcore.DLL
0x00007ffb80020000 - 0x00007ffb800a2000 	C:\WINDOWS\System32\bcryptPrimitives.dll
0x00007ffb6e670000 - 0x00007ffb6e690000 	C:\Program Files\Android\Android Studio1\jbr\bin\java.dll
0x00007ffb6e570000 - 0x00007ffb6e588000 	C:\Program Files\Android\Android Studio1\jbr\bin\zip.dll
0x00007ffb80d40000 - 0x00007ffb814b0000 	C:\WINDOWS\System32\SHELL32.dll
0x00007ffb7d7f0000 - 0x00007ffb7df95000 	C:\WINDOWS\SYSTEM32\windows.storage.dll
0x00007ffb81760000 - 0x00007ffb81ab4000 	C:\WINDOWS\System32\combase.dll
0x00007ffb7f160000 - 0x00007ffb7f18b000 	C:\WINDOWS\SYSTEM32\Wldp.dll
0x00007ffb81bc0000 - 0x00007ffb81c8d000 	C:\WINDOWS\System32\OLEAUT32.dll
0x00007ffb81ea0000 - 0x00007ffb81f4d000 	C:\WINDOWS\System32\SHCORE.dll
0x00007ffb82070000 - 0x00007ffb820cb000 	C:\WINDOWS\System32\shlwapi.dll
0x00007ffb7f6d0000 - 0x00007ffb7f6f4000 	C:\WINDOWS\SYSTEM32\profapi.dll
0x00007ffb6f220000 - 0x00007ffb6f230000 	C:\Program Files\Android\Android Studio1\jbr\bin\net.dll
0x00007ffb73330000 - 0x00007ffb7343a000 	C:\WINDOWS\SYSTEM32\WINHTTP.dll
0x00007ffb7ee50000 - 0x00007ffb7eeba000 	C:\WINDOWS\system32\mswsock.dll
0x00007ffb6e550000 - 0x00007ffb6e566000 	C:\Program Files\Android\Android Studio1\jbr\bin\nio.dll
0x00007ffb6e4c0000 - 0x00007ffb6e4c9000 	C:\Program Files\Android\Android Studio1\jbr\bin\management.dll
0x00007ffb6dee0000 - 0x00007ffb6deeb000 	C:\Program Files\Android\Android Studio1\jbr\bin\management_ext.dll
0x00007ffb80130000 - 0x00007ffb80138000 	C:\WINDOWS\System32\PSAPI.DLL

JVMTI agents: none

dbghelp: loaded successfully - version: 4.0.5 - missing functions: none
symbol engine: initialized successfully - sym options: 0x614 - pdb path: .;C:\Program Files\Android\Android Studio1\jbr\bin;C:\WINDOWS\SYSTEM32;C:\WINDOWS\WinSxS\amd64_microsoft.windows.common-controls_6595b64144ccf1df_6.0.19041.6456_none_60b8a6cb71f64256;C:\Program Files\Android\Android Studio1\jbr\bin\server

VM Arguments:
java_command: org.jetbrains.kotlin.cli.jvm.K2JVMCompiler @C:\Users\Huy\AndroidStudioProjects\app_doc_bao\app\build\20260322_2976681921131734953.compiler.options
java_class_path (initial): C:\Users\Huy\.gradle\caches\modules-2\files-2.1\org.jetbrains.kotlin\kotlin-compiler-embeddable\2.2.10\6882d39ef03b18879c1a5d2a83c2212361bed5fe\kotlin-compiler-embeddable-2.2.10.jar;C:\Users\Huy\.gradle\caches\modules-2\files-2.1\org.jetbrains.kotlin\kotlin-stdlib\2.2.10\30de6faa127a4a012db8e71bf1b9c0a99b1402b2\kotlin-stdlib-2.2.10.jar;C:\Users\Huy\.gradle\caches\modules-2\files-2.1\org.jetbrains.kotlin\kotlin-script-runtime\2.2.10\712f9bc08f378c13a4a00f0bbb28c76e59183e83\kotlin-script-runtime-2.2.10.jar;C:\Users\Huy\.gradle\caches\modules-2\files-2.1\org.jetbrains.kotlin\kotlin-reflect\1.6.10\1cbe9c92c12a94eea200d23c2bbaedaf3daf5132\kotlin-reflect-1.6.10.jar;C:\Users\Huy\.gradle\caches\modules-2\files-2.1\org.jetbrains.kotlin\kotlin-daemon-embeddable\2.2.10\212fd3c2c6e4e5d0f4db3c4191233e2b622380cc\kotlin-daemon-embeddable-2.2.10.jar;C:\Users\Huy\.gradle\caches\modules-2\files-2.1\org.jetbrains.kotlinx\kotlinx-coroutines-core-jvm\1.8.0\ac1dc37a30a93150b704022f8d895ee1bd3a36b3\kotlinx-coroutines-core-jvm-1.8.0.jar;C:\Users\Huy\.gradle\caches\modules-2\files-2.1\org.jetbrains\annotations\13.0\919f0dfe192fb4e063e7dacadee7f8bb9a2672a9\annotations-13.0.jar
Launcher Type: SUN_STANDARD

[Global flags]
     intx CICompilerCount                          = 3                                         {product} {ergonomic}
     uint ConcGCThreads                            = 1                                         {product} {ergonomic}
     uint G1ConcRefinementThreads                  = 4                                         {product} {ergonomic}
   size_t G1HeapRegionSize                         = 1048576                                   {product} {ergonomic}
    uintx GCDrainStackTargetSize                   = 64                                        {product} {ergonomic}
   size_t InitialHeapSize                          = 134217728                                 {product} {ergonomic}
   size_t MarkStackSize                            = 4194304                                   {product} {ergonomic}
   size_t MaxHeapSize                              = 2130706432                                {product} {ergonomic}
   size_t MaxNewSize                               = 1278214144                                {product} {ergonomic}
   size_t MinHeapDeltaBytes                        = 1048576                                   {product} {ergonomic}
   size_t MinHeapSize                              = 8388608                                   {product} {ergonomic}
    uintx NonNMethodCodeHeapSize                   = 5832780                                {pd product} {ergonomic}
    uintx NonProfiledCodeHeapSize                  = 122912730                              {pd product} {ergonomic}
    uintx ProfiledCodeHeapSize                     = 122912730                              {pd product} {ergonomic}
    uintx ReservedCodeCacheSize                    = 251658240                              {pd product} {ergonomic}
     bool SegmentedCodeCache                       = true                                      {product} {ergonomic}
   size_t SoftMaxHeapSize                          = 2130706432                             {manageable} {ergonomic}
     bool UseCompressedOops                        = true                           {product lp64_product} {ergonomic}
     bool UseG1GC                                  = true                                      {product} {ergonomic}
     bool UseLargePagesIndividualAllocation        = false                                  {pd product} {ergonomic}

Logging:
Log output configuration:
 #0: stdout all=warning uptime,level,tags foldmultilines=false
 #1: stderr all=off uptime,level,tags foldmultilines=false

Release file:
JAVA_VERSION="21.0.9" 
MODULES="java.base java.compiler java.datatransfer java.xml java.prefs java.desktop java.instrument java.logging java.management java.security.sasl java.naming java.rmi java.management.rmi java.net.http java.scripting java.security.jgss java.transaction.xa java.sql java.sql.rowset java.xml.crypto java.se java.smartcardio jdk.accessibility jdk.internal.jvmstat jdk.attach jdk.charsets jdk.internal.opt jdk.zipfs jdk.compiler jdk.crypto.ec jdk.crypto.cryptoki jdk.dynalink jdk.hotspot.agent jdk.httpserver jdk.internal.ed jdk.internal.le jdk.internal.vm.ci jdk.jartool jdk.javadoc jdk.jcmd jdk.jdeps jdk.jdwp.agent jdk.jdi jdk.jfr jdk.jlink jdk.jsobject jdk.localedata jdk.management jdk.management.agent jdk.management.jfr jdk.naming.dns jdk.naming.rmi jdk.net jdk.sctp jdk.security.auth jdk.security.jgss jdk.unsupported jdk.unsupported.desktop jdk.xml.dom" 
IMPLEMENTOR="JetBrains s.r.o." 
JAVA_RUNTIME_VERSION="21.0.9+-14787801-b1163.94" 
LIBC="default" 
OS_ARCH="x86_64" 
OS_NAME="Windows" 
SOURCE=".:git:0c757ddc9f2f" 

Environment Variables:
PATH=C:\Program Files (x86)\VMware\VMware Workstation\bin\;C:\Program Files\Common Files\Oracle\Java\javapath;C:\WINDOWS\system32;C:\WINDOWS;C:\WINDOWS\System32\Wbem;C:\WINDOWS\System32\WindowsPowerShell\v1.0\;C:\WINDOWS\System32\OpenSSH\;C:\Program Files\Cloudflare\Cloudflare WARP\;C:\Program Files\nodejs\;C:\Program Files\Git\cmd;C:\Users\Huy\AppData\Local\Programs\Python\Python313\Scripts\;C:\Users\Huy\AppData\Local\Programs\Python\Python313\;C:\Users\Huy\AppData\Local\Microsoft\WindowsApps;C:\Users\Huy\AppData\Local\Programs\Microsoft VS Code\bin;C:\msys64\ucrt64\bin;C:\Users\Huy\AppData\Roaming\npm
USERNAME=Huy
OS=Windows_NT
PROCESSOR_IDENTIFIER=Intel64 Family 6 Model 69 Stepping 1, GenuineIntel
TMP=C:\Users\Huy\AppData\Local\Temp
TEMP=C:\Users\Huy\AppData\Local\Temp




Periodic native trim disabled

JNI global refs:
JNI global refs: 7, weak refs: 0

JNI global refs memory usage: 835, weak refs: 833

Process memory usage:
Resident Set Size: 74572K (0% of 8317080K total physical memory with 734248K free physical memory)

OOME stack traces (most recent first):
Classloader memory used:
Loader bootstrap                                                                       : 9317K
Loader jdk.internal.loader.ClassLoaders$AppClassLoader                                 : 6527K
Loader java.net.URLClassLoader                                                         : 60360B

---------------  S Y S T E M  ---------------

OS:
 Windows 10 , 64 bit Build 19041 (10.0.19041.5915)
OS uptime: 0 days 9:58 hours

CPU: total 4 (initial active 4) (2 cores per cpu, 2 threads per core) family 6 model 69 stepping 1 microcode 0x25, cx8, cmov, fxsr, ht, mmx, sse, sse2, sse3, ssse3, sse4.1, sse4.2, popcnt, lzcnt, tsc, tscinvbit, avx, avx2, aes, erms, clmul, bmi1, bmi2, fma, vzeroupper, clflush, rdtscp, f16c
Processor Information for the first 4 processors :
  Max Mhz: 2401, Current Mhz: 1600, Mhz Limit: 1584

Memory: 4k page, system-wide physical 8122M (717M free)
TotalPageFile size 12122M (AvailPageFile size 3M)
current process WorkingSet (physical memory assigned to process): 72M, peak: 72M
current process commit charge ("private bytes"): 212M, peak: 213M

vm_info: OpenJDK 64-Bit Server VM (21.0.9+-14787801-b1163.94) for windows-amd64 JRE (21.0.9+-14787801-b1163.94), built on 2026-01-27T21:15:44Z by "builder" with MS VC++ 16.10 / 16.11 (VS2019)

END.
